<?xml version="1.0" encoding="UTF-8"?>
<!-- Generated by org.testng.reporters.JUnitReportReporter -->
<testsuite hostname="Khurshid" failures="0" tests="1" name="runner.MyRunner" time="0.121" errors="0" timestamp="2024-05-10T12:13:26 EDT" skipped="0">
  <testcase classname="runner.MyRunner" name="runScenario" time="0.121"/>
  <system-out/>
</testsuite> <!-- runner.MyRunner -->
